0 1 0 2 2 2 4 2 6 5 8 9 10 14 15 18 23
0 1 0 2 2 2 4 2 7 5 9 9 12 16 17 22 25
0 1 0 2 2 2 4 2 7 5 9 9 12 16 17 22 25
0 1 0 2 2 2 4 2 7 5 9 9 12 16 17 22 25
0 1 0 2 2 2 4 2 7 5 9 9 12 16 17 22 25
0 1 0 1 2 1 4 1 5 4 5 8 7 12 12 14 18
0 1 0 2 2 2 4 2 7 5 9 9 12 16 17 22 25
0 1 0 2 2 2 4 2 7 5 9 9 12 16 17 22 25
0 1 0 2 2 2 4 2 7 5 9 9 12 16 17 22 25
0 1 0 2 2 2 4 2 7 5 9 9 12 16 17 22 25
0 1 0 2 2 2 4 2 7 5 9 9 12 16 17 22 25
0 1 0 2 2 2 4 2 7 5 9 9 12 16 17 22 25
0 1 0 2 2 2 4 2 7 5 9 9 12 16 17 22 25
0 1 0 2 2 2 4 2 7 5 9 9 12 16 17 22 25
0 1 0 2 2 2 4 2 7 5 9 9 12 16 17 22 25
0 1 0 2 2 2 4 2 7 5 9 9 12 16 17 22 25
0 1 0 2 2 2 4 2 7 5 9 9 12 16 17 22 25
0 1 0 2 2 2 4 2 7 5 9 9 12 16 17 22 25
0 1 0 2 2 2 4 2 7 5 9 9 12 16 17 22 25
0 1 0 2 2 2 4 2 7 5 9 9 12 16 17 22 25
0 1 0 2 2 2 4 2 7 5 9 9 12 16 17 22 25
0 1 0 2 2 2 4 2 7 5 9 9 12 16 17 22 25
0 1 0 2 2 2 4 2 7 5 9 9 12 16 17 22 25
0 1 0 2 2 2 4 2 7 5 9 9 12 16 17 22 25
0 1 0 2 2 2 4 2 7 5 9 9 12 16 17 22 25
0 1 0 2 2 2 4 2 7 5 9 9 12 16 17 22 25
0 1 0 2 2 2 4 2 7 5 9 9 12 16 17 22 25
0 1 0 2 2 2 4 2 7 5 9 9 12 16 17 22 25
0 1 0 2 2 2 4 2 7 5 9 9 12 16 17 22 25
0 1 0 2 2 2 4 2 7 5 9 9 12 16 16 22 24
0 1 0 2 2 2 4 2 7 5 9 9 12 16 17 22 25
0 1 0 2 2 2 4 2 7 5 9 9 12 16 17 22 25
0 1 0 2 2 2 4 2 7 5 9 9 12 16 17 22 25
0 1 0 2 2 2 3 2 6 5 7 7 10 13 15 16 20
0 1 0 2 2 2 4 2 7 5 9 9 12 16 17 22 25
0 1 0 2 2 2 4 2 7 5 9 9 12 16 17 22 25
0 1 0 2 2 2 4 2 7 4 9 8 12 14 15 20 21
0 1 0 2 2 2 4 2 7 5 9 9 12 16 17 22 25
0 1 0 2 1 2 3 2 5 4 7 6 10 11 13 15 19
0 1 0 2 2 2 4 2 7 5 9 9 12 16 17 22 25
0 1 0 2 2 2 4 2 7 5 9 9 12 16 17 22 25
0 1 0 2 2 2 4 2 7 5 9 9 12 16 17 22 25
0 1 0 2 2 2 4 2 7 5 9 9 12 16 17 22 25
0 1 0 2 2 2 4 2 7 5 9 9 12 16 17 22 25
0 1 0 2 2 2 4 2 7 5 9 9 12 16 17 22 25
0 1 0 2 1 2 3 2 5 4 7 6 10 11 13 15 19
0 1 0 2 2 2 4 2 7 5 9 9 12 16 17 22 25
0 1 0 2 2 2 4 1 7 4 9 7 10 14 13 21 18
0 1 0 2 2 2 4 2 7 5 9 9 12 16 17 22 25
0 1 0 2 2 2 4 2 7 5 9 9 11 16 16 22 23
0 1 0 2 2 2 4 2 7 5 9 9 12 16 17 22 25
0 1 0 2 2 2 4 2 7 5 9 9 12 16 17 22 25
0 1 0 2 2 2 4 2 7 5 9 9 12 16 17 22 25
0 1 0 2 2 2 4 2 7 5 9 9 12 16 17 22 25
0 1 0 2 2 2 4 2 7 5 9 9 11 16 16 22 23
0 1 0 2 2 2 4 2 7 5 9 9 12 16 17 22 25
0 1 0 2 2 2 4 2 7 5 9 9 12 16 17 22 25
0 1 0 2 2 2 3 2 6 5 7 7 10 13 15 16 20
0 1 0 2 2 2 4 2 7 5 9 9 12 16 17 22 25
0 1 0 2 2 2 4 2 7 5 9 9 12 16 17 22 25
0 1 0 2 2 2 4 2 7 5 9 9 12 16 17 22 25
0 1 0 2 2 2 4 2 7 5 9 9 12 16 17 22 25
0 1 0 2 2 2 4 2 7 5 9 9 12 16 17 22 25
0 1 0 2 2 2 4 2 7 5 9 9 12 15 17 21 25
0 1 0 2 2 2 4 2 7 5 9 9 12 16 17 22 25
0 1 0 2 2 2 4 2 7 5 9 9 12 16 17 22 25
0 1 0 2 2 2 4 2 7 5 9 9 12 16 17 22 25
0 1 0 2 2 2 4 2 7 5 9 9 12 16 17 22 25
0 1 0 2 2 2 4 2 7 5 9 9 12 16 17 22 25
0 1 0 2 2 2 4 2 7 5 9 9 12 16 17 22 25
0 1 0 2 2 2 4 2 7 5 9 9 12 16 17 22 25
0 1 0 2 2 2 4 2 7 5 9 9 12 16 17 22 25
0 1 0 2 2 2 4 2 7 4 9 8 12 14 15 20 21
0 1 0 2 2 2 4 2 7 5 9 9 12 16 17 22 25
0 1 0 2 2 2 4 2 7 5 9 9 12 16 17 22 25
0 1 0 2 2 2 4 2 7 5 9 9 12 16 17 22 25
0 1 0 2 2 2 4 2 7 5 9 9 12 16 17 22 25
0 1 0 2 2 2 4 2 7 5 9 9 12 16 17 22 25
0 1 0 2 2 2 4 2 7 5 9 9 12 16 17 22 25
0 1 0 2 2 2 4 2 7 5 9 9 12 16 17 22 25
0 0 0 2 2 0 2 2 5 3 4 6 8 10 9 12 16
0 1 0 2 2 2 4 2 7 5 9 9 12 16 17 22 25
0 1 0 2 2 2 4 2 7 5 9 9 12 16 17 22 25
0 1 0 2 2 2 4 2 7 5 9 9 12 16 17 22 25
0 1 0 2 2 2 4 2 7 5 9 9 12 16 17 22 25
0 1 0 2 2 2 4 2 7 5 9 9 12 16 17 22 25
0 1 0 2 2 2 4 2 7 5 9 9 12 16 17 22 25
0 1 0 2 2 2 4 2 7 5 9 9 12 16 17 22 25
0 1 0 2 2 2 4 2 7 5 9 9 12 16 17 22 25
0 1 0 2 2 2 4 2 7 5 9 9 12 16 17 22 25
0 1 0 2 2 2 4 2 7 5 9 9 12 16 17 22 25
0 1 0 2 2 2 4 2 7 5 9 9 12 16 17 22 25
0 1 0 2 2 2 4 2 7 5 9 9 12 16 17 22 25
0 1 0 2 2 2 4 2 7 5 9 9 12 16 17 22 25
0 1 0 2 2 2 4 2 7 5 9 9 12 16 17 22 25
0 1 0 2 2 2 4 2 7 5 9 9 12 16 17 22 25
0 1 0 2 2 2 4 2 7 5 9 9 12 16 17 22 25
0 1 0 1 2 1 4 1 5 4 5 8 7 12 12 14 18
0 1 0 2 2 2 4 2 7 5 9 9 12 16 17 22 25
0 1 0 2 2 2 4 2 7 5 9 9 12 16 17 21 25
