2147483647
60971
58815
56683
56671
54545
54531
54529
52499
52461
52447
52435
52427
52413
52411
50696
50595
50518
50506
50435
50421
50419
50406
50392
50380
50372
50358
50356
48851
48715
48603
48591
48485
48471
48469
48459
48421
48407
48395
48387
48373
48371
48360
48352
48338
48336
46908
46761
46638
46626
46509
46495
46493
46472
46434
46420
46408
46400
46386
46384
46374
46362
46354
46340
46338
46329
46327
45339
45137
44959
44947
44775
44761
44759
44683
44645
44631
44619
44611
44597
44595
44573
44559
44557
44544
44530
44518
44510
44496
44494
44487
44479
44465
44463
44452
44444
44430
44428
44420
44408
44400
44386
44384
44375
44373
43916
43655
43418
43406
43175
43161
43159
43024
42986
42972
42960
42952
42938
42936
42926
42855
42841
42839
42826
42812
42800
42792
42778
42776
42774
42736
42722
42710
42702
42688
42686
42675
42667
42653
42651
42644
42630
42618
42610
42596
42594
42584
42572
42564
42550
42548
42539
42537
42535
42533
42525
42513
42505
42491
42489
42480
42478
42275
42263
41938
41924
41922
41693
41655
41641
41629
41621
41607
41605
41590
41513
41501
41430
41416
41414
41401
41387
41375
41367
41353
41351
41281
41267
41265
41255
41217
41203
41191
41183
41169
41167
41156
41148
41134
41132
41106
41092
41090
41069
41031
41017
41005
40997
40983
40981
40971
40959
40951
40937
40935
40926
40924
40916
40908
40894
40892
40885
40877
40863
40861
40850
40842
40828
40826
40818
40806
40798
40784
40782
40773
40771
40763
40749
40747
40738
40736
40734
40732
40724
40712
40704
40690
40688
40679
40677
40497
40483
40481
40207
40169
40155
40143
40135
40121
40119
40059
39982
39970
39899
39885
39883
39870
39856
39844
39836
39822
39820
39811
39705
39691
39689
39679
39641
39627
39615
39607
39593
39591
39580
39572
39558
39556
39485
39471
39469
39448
39410
39396
39384
39376
39362
39360
39350
39338
39330
39316
39314
39305
39303
39291
39289
39276
39262
39250
39242
39228
39226
39219
39211
39197
39195
39184
39176
39162
39160
39152
39140
39132
39118
39116
39107
39105
39098
39084
39082
39072
39060
39052
39038
39036
39027
39025
39023
39021
39013
39001
38993
38979
38977
38968
38966
38956
38948
38934
38932
38923
38921
38851
38813
38799
38787
38779
38765
38763
38754
38653
38576
38564
38493
38479
38477
38464
38450
38438
38430
38416
38414
38367
38355
38249
38235
38233
38223
38185
38171
38159
38151
38137
38135
38124
38116
38102
38100
38096
37979
37965
37963
37942
37904
37890
37878
37870
37856
37854
37844
37832
37824
37810
37808
37799
37797
37795
37787
37773
37771
37749
37735
37733
37720
37706
37694
37686
37672
37670
37663
37655
37641
37639
37628
37620
37606
37604
37596
37584
37576
37562
37560
37551
37549
37535
37533
37526
37512
37500
37492
37478
37476
37466
37454
37446
37432
37430
37421
37419
37417
37415
37407
37395
37387
37373
37371
37362
37360
37359
37351
37337
37335
37326
37324
37322
37320
37312
37300
37292
37278
37276
37267
37265
37262
37260
37250
37242
37228
37226
37217
37215
37201
37199
37189
37151
37137
37125
37117
37103
37101
37090
37082
37068
37066
36978
36966
36849
36835
36833
36812
36774
36760
36748
36740
36726
36724
36714
36702
36694
36680
36678
36669
36667
36633
36595
36581
36569
36561
36547
36545
36523
36509
36507
36494
36480
36468
36460
36446
36444
36437
36429
36415
36413
36402
36394
36380
36378
36370
36358
36350
36336
36334
36325
36323
36296
36282
36270
36262
36248
36246
36235
36227
36213
36211
36204
36190
36178
36170
36156
36154
36144
36132
36124
36110
36108
36099
36097
36095
36093
36085
36073
36065
36051
36049
36040
36038
36033
36031
36020
36012
35998
35996
35988
35976
35968
35954
35952
35943
35941
35933
35919
35917
35908
35906
35904
35902
35894
35882
35874
35860
35858
35849
35847
35840
35832
35818
35816
35807
35805
35803
35801
35793
35781
35773
35759
35757
35748
35746
35736
35728
35714
35712
35703
35701
35690
35682
35668
35666
35657
35655
35652
35650
35640
35632
35618
35616
35607
35605
35603
35565
35551
35539
35531
35517
35515
35504
35496
35482
35480
35389
35377
35260
35246
35244
35223
35185
35171
35159
35151
35137
35135
35125
35113
35105
35091
35089
35080
35078
35041
35003
34989
34977
34969
34955
34953
34931
34917
34915
34902
34888
34876
34868
34854
34852
34845
34837
34823
34821
34810
34802
34788
34786
34778
34766
34758
34744
34742
34733
34731
34701
34687
34675
34667
34653
34651
34640
34632
34618
34616
34609
34595
34583
34575
34561
34559
34549
34537
34529
34515
34513
34504
34502
34500
34498
34490
34478
34470
34456
34454
34445
34443
34435
34433
34422
34414
34400
34398
34390
34378
34370
34356
34354
34345
34343
34335
34321
34319
34310
34308
34306
34304
34296
34284
34276
34262
34260
34251
34249
34239
34231
34217
34215
34206
34204
34202
34200
34192
34180
34172
34158
34156
34147
34145
34135
34127
34113
34111
34102
34100
34098
34086
34078
34064
34062
34053
34051
34048
34046
34036
34028
34014
34012
34003
34001
34000
33998
33986
33978
33964
33962
33940
33926
33924
33911
33897
33885
33877
33863
33861
33854
33846
33832
33830
33819
33811
33797
33795
33787
33775
33767
33753
33751
33742
33740
33727
33725
33712
33698
33686
33678
33664
33662
33660
33622
33608
33596
33588
33574
33572
33561
33553
33539
33537
33530
33516
33504
33496
33482
33480
33470
33458
33450
33436
33434
33425
33423
33421
33419
33411
33399
33391
33377
33375
33366
33364
33356
33342
33340
33331
33329
33321
33313
33299
33297
33290
33282
33268
33266
33255
33247
33233
33231
33223
33211
33203
33189
33187
33178
33176
33168
33154
33152
33143
33141
33139
33137
33129
33117
33109
33095
33093
33084
33082
33076
33064
33056
33042
33040
33031
33029
33022
33008
33006
32996
32984
32976
32962
32960
32951
32949
32947
32945
32937
32925
32917
32903
32901
32892
32890
32880
32872
32858
32856
32847
32845
32838
32830
32816
32814
32805
32803
32802
32794
32780
32778
32769
32767
32765
32763
32755
32743
32735
32721
32719
32710
32708
32705
32703
32693
32685
32671
32669
32660
32658
32652
32644
32630
32628
32619
32617
32614
32612
32602
32594
32580
32578
32569
32567
32559
32545
32543
32534
32532
32529
32527
32517
32509
32495
32493
32484
32482
32481
32479
32466
32452
32440
32432
32418
32416
32414
32376
32362
32350
32342
32328
32326
32315
32307
32293
32291
32284
32270
32258
32250
32236
32234
32224
32212
32204
32190
32188
32179
32177
32175
32173
32165
32153
32145
32131
32129
32120
32118
32117
32103
32101
32091
32079
32071
32057
32055
32046
32044
32036
32028
32014
32012
32005
31997
31983
31981
31970
31962
31948
31946
31938
31926
31918
31904
31902
31893
31891
31883
31869
31867
31858
31856
31854
31852
31844
31832
31824
31810
31808
31799
31797
31795
31784
31776
31762
31760
31752
31740
31732
31718
31716
31707
31705
31698
31684
31682
31672
31660
31652
31638
31636
31627
31625
31623
31621
31613
31601
31593
31579
31577
31568
31566
31556
31548
31534
31532
31523
31521
31512
31510
31501
31499
31497
31495
31487
31475
31467
31453
31451
31442
31440
31439
31431
31417
31415
31406
31404
31402
31400
31392
31380
31372
31358
31356
31347
31345
31342
31340
31330
31322
31308
31306
31297
31295
31288
31274
31272
31263
31261
31250
31242
31228
31226
31217
31215
31212
31210
31200
31192
31178
31176
31167
31165
31153
31151
31142
31140
31138
31126
31118
31104
31102
31093
31091
31088
31086
31076
31068
31054
31052
31043
31041
31040
31038
31037
31029
31015
31013
31004
31002
31001
30999
30998
30984
30982
30973
30971
30969
30967
30959
30947
30939
30925
30923
30914
30912
30906
30892
30880
30872
30858
30856
30849
30841
30827
30825
30814
30806
30792
30790
30782
30770
30762
30748
30746
30737
30735
30728
30714
30712
30702
30690
30682
30668
30666
30657
30655
30653
30651
30643
30631
30623
30609
30607
30598
30596
30586
30578
30564
30562
30553
30551
30537
30525
30517
30503
30501
30491
30479
30471
30457
30455
30446
30444
30442
30440
30432
30420
30412
30398
30396
30387
30385
30384
30376
30362
30360
30351
30349
30347
30345
30337
30325
30317
30303
30301
30292
30290
30287
30285
30275
30267
30253
30251
30242
30240
30238
30236
30227
30225
30223
30221
30213
30201
30193
30179
30177
30168
30166
30156
30148
30134
30132
30123
30121
30110
30102
30088
30086
30077
30075
30072
30070
30060
30052
30038
30036
30027
30025
30021
30019
30017
30015
30007
29995
29987
29973
29971
29962
29960
29950
29942
29928
29926
29917
29915
29913
29901
29893
29879
29877
29868
29866
29863
29861
29851
29843
29829
29827
29818
29816
29815
29813
29812
29804
29790
29788
29779
29777
29769
29755
29753
29744
29742
29739
29737
29727
29719
29705
29703
29694
29692
29691
29689
29681
29673
29659
29657
29648
29646
29645
29643
29642
29634
29620
29618
29609
29607
29606
29604
29593
29591
29583
29571
29563
29549
29547
29538
29536
29529
29515
29513
29503
29491
29483
29469
29467
29458
29456
29454
29452
29444
29432
29424
29410
29408
29399
29397
29387
29379
29365
29363
29354
29352
29349
29347
29333
29331
29324
29310
29298
29290
29276
29274
29264
29252
29244
29230
29228
29219
29217
29215
29213
29205
29193
29185
29171
29169
29160
29158
29157
29149
29135
29133
29124
29122
29120
29118
29110
29098
29090
29076
29074
29065
29063
29060
29058
29048
29040
29026
29024
29015
29013
29012
29005
28997
28983
28981
28972
28970
28968
28966
28958
28946
28938
28924
28922
28913
28911
28901
28893
28879
28877
28868
28866
28855
28847
28833
28831
28822
28820
28817
28815
28805
28797
28783
28781
28772
28770
28763
28749
28747
28738
28736
28734
28732
28724
28712
28704
28690
28688
28679
28677
28667
28659
28645
28643
28634
28632
28630
28618
28610
28596
28594
28585
28583
28580
28578
28568
28560
28546
28544
28535
28533
28532
28530
28529
28527
28518
28516
28513
28511
28501
28493
28479
28477
28468
28466
28458
28444
28442
28433
28431
28428
28426
28416
28408
28394
28392
28383
28381
28380
28378
28370
28368
28359
28357
28354
28352
28342
28334
28320
28318
28309
28307
28306
28304
28303
28295
28281
28279
28270
28268
28267
28265
28253
28251
28242
28240
28239
28237
28236
28227
28225
28224
28216
28202
28200
28191
28189
28187
28185
28177
28165
28157
28143
28141
28132
28130
28127
28125
28115
28107
28093
28091
28082
28080
28078
28076
28074
28072
28064
28052
28044
28030
28028
28019
28017
28010
28002
27988
27986
27977
27975
27973
27971
27963
27951
27943
27929
27927
27918
27916
27906
27898
27884
27882
27873
27871
27860
27852
27838
27836
27827
27825
27822
27820
27810
27802
27788
27786
27777
27775
27771
27759
27751
27737
27735
27726
27724
27714
27706
27692
27690
27681
27679
27677
27675
27667
27655
27647
27633
27631
27622
27620
27610
27602
27588
27586
27577
27575
27573
27561
27553
27539
27537
27528
27526
27523
27521
27511
27503
27489
27487
27478
27476
27475
27473
27465
27451
27449
27440
27438
27432
27424
27410
27408
27399
27397
27394
27392
27382
27374
27360
27358
27349
27347
27339
27325
27323
27314
27312
27309
27307
27297
27289
27275
27273
27264
27262
27261
27259
27252
27250
27238
27236
27227
27225
27223
27211
27203
27189
27187
27178
27176
27173
27171
27161
27153
27139
27137
27128
27126
27125
27123
27122
27114
27100
27098
27089
27087
27086
27084
27082
27081
27079
27071
27063
27049
27047
27038
27036
27035
27033
27032
27024
27010
27008
26999
26997
26996
26994
26990
26976
26974
26965
26963
26962
26960
26948
26946
26937
26935
26934
26932
26926
26924
26922
26920
26912
26900
26892
26878
26876
26867
26865
26862
26860
26850
26842
26828
26826
26817
26815
26808
26806
26804
26802
26794
26782
26774
26760
26758
26749
26747
26740
26732
26718
26716
26707
26705
26703
26701
26693
26681
26673
26659
26657
26648
26646
26636
26628
26614
26612
26603
26601
26590
26582
26568
26566
26557
26555
26552
26550
26540
26532
26518
26516
26507
26505
26504
26496
26484
26476
26462
26460
26451
26449
26439
26431
26417
26415
26406
26404
26402
26400
26392
26380
26372
26358
26356
26347
26345
26335
26327
26313
26311
26302
26300
26298
26286
26278
26264
26262
26253
26251
26248
26246
26236
26228
26214
26212
26203
26201
26200
26198
26193
26185
26171
26169
26160
26158
26152
26144
26130
26128
26119
26117
26114
26112
26102
26094
26080
26078
26069
26067
26059
26045
26043
26034
26032
26029
26027
26017
26009
25995
25993
25984
25982
25981
25979
25978
25976
25967
25965
25953
25951
25942
25940
25938
25926
25918
25904
25902
25893
25891
25888
25886
25876
25868
25854
25852
25843
25841
25840
25838
25837
25829
25815
25813
25804
25802
25801
25799
25794
25792
25791
25789
25781
25773
25759
25757
25748
25746
25745
25743
25742
25734
25720
25718
25709
25707
25706
25704
25703
25695
25681
25679
25670
25668
25667
25665
25653
25651
25642
25640
25639
25637
25635
25634
25632
25620
25618
25609
25607
25605
25603
25595
25583
25575
25561
25559
25550
25548
25538
25530
25516
25514
25505
25503
25501
25499
25491
25479
25471
25457
25455
25446
25444
25434
25426
25412
25410
25401
25399
25397
25385
25377
25363
25361
25352
25350
25347
25345
25335
25327
25313
25311
25302
25300
25299
25297
25285
25277
25263
25261
25252
25250
25247
25245
25235
25227
25213
25211
25202
25200
25194
25186
25172
25170
25161
25159
25156
25154
25144
25136
25122
25120
25111
25109
25101
25087
25085
25076
25074
25071
25069
25059
25051
25037
25035
25026
25024
25023
25021
25013
25011
25002
25000
24997
24995
24985
24977
24963
24961
24952
24950
24938
24936
24927
24925
24923
24911
24903
24889
24887
24878
24876
24873
24871
24861
24853
24839
24837
24828
24826
24825
24823
24822
24814
24800
24798
24789
24787
24786
24784
24783
24781
24772
24770
24767
24765
24755
24747
24733
24731
24722
24720
24719
24717
24709
24701
24687
24685
24676
24674
24673
24671
24670
24662
24648
24646
24637
24635
24634
24632
24630
24628
24625
24623
24613
24605
24591
24589
24580
24578
24577
24575
24574
24566
24552
24550
24541
24539
24538
24536
24524
24522
24513
24511
24510
24508
24504
24490
24488
24479
24477
24476
24474
24462
24460
24451
24449
24448
24446
24438
24436
24427
24425
24424
24422
24410
24408
24399
24397
24396
24394
24392
24391
24389
24385
24383
24374
24372
24370
24368
24360
24348
24340
24326
24324
24315
24313
24303
24295
24281
24279
24270
24268
24266
24264
24256
24244
24236
24222
24220
24211
24209
24199
24191
24177
24175
24166
24164
24162
24150
24142
24128
24126
24117
24115
24112
24110
24100
24092
24078
24076
24067
24065
24064
24062
24061
24049
24041
24027
24025
24016
24014
24011
24009
23999
23991
23977
23975
23966
23964
23958
23950
23936
23934
23925
23923
23920
23918
23908
23900
23886
23884
23875
23873
23865
23851
23849
23840
23838
23835
23833
23823
23815
23801
23799
23790
23788
23787
23785
23776
23774
23765
23763
23760
23758
23748
23740
23726
23724
23715
23713
23701
23699
23690
23688
23686
23674
23666
23652
23650
23641
23639
23636
23634
23624
23616
23602
23600
23591
23589
23588
23586
23585
23577
23563
23561
23552
23550
23549
23547
23545
23543
23534
23532
23529
23527
23517
23509
23495
23493
23484
23482
23481
23479
23471
23463
23449
23447
23438
23436
23435
23433
23432
23424
23410
23408
23399
23397
23396
23394
23391
23389
23386
23384
23374
23366
23352
23350
23341
23339
23338
23336
23335
23327
23313
23311
23302
23300
23299
23297
23285
23283
23274
23272
23271
23269
23268
23264
23250
23248
23239
23237
23236
23234
23222
23220
23211
23209
23208
23206
23197
23195
23186
23184
23183
23181
23169
23167
23158
23156
23155
23153
23151
23150
23148
23147
23138
23136
23127
23125
23123
23121
23113
23101
23093
23079
23077
23068
23066
23056
23048
23034
23032
23023
23021
23019
23007
22999
22985
22983
22974
22972
22969
22967
22957
22949
22935
22933
22924
22922
22921
22919
22917
22915
22907
22895
22887
22873
22871
22862
22860
22857
22855
22845
22837
22823
22821
22812
22810
22804
22796
22782
22780
22771
22769
22766
22764
22754
22746
22732
22730
22721
22719
22711
22697
22695
22686
22684
22681
22679
22669
22661
22647
22645
22636
22634
22633
22631
22625
22611
22609
22600
22598
22595
22593
22583
22575
22561
22559
22550
22548
22536
22534
22525
22523
22521
22509
22501
22487
22485
22476
22474
22471
22469
22459
22451
22437
22435
22426
22424
22423
22421
22420
22412
22398
22396
22387
22385
22384
22382
22369
22367
22358
22356
22353
22351
22341
22333
22319
22317
22308
22306
22305
22303
22295
22287
22273
22271
22262
22260
22259
22257
22256
22248
22234
22232
22223
22221
22220
22218
22215
22213
22204
22202
22199
22197
22187
22179
22165
22163
22154
22152
22151
22149
22148
22140
22126
22124
22115
22113
22112
22110
22098
22096
22087
22085
22084
22082
22075
22073
22072
22070
22066
22052
22050
22041
22039
22038
22036
22024
22022
22013
22011
22010
22008
22002
21988
21986
21977
21975
21974
21972
21960
21958
21949
21947
21946
21944
21942
21941
21939
21937
21935
21934
21932
21930
21929
21927
21925
21924
21922
21920
21919
21917
21916
21913
21911
21902
21900
21898
21886
21878
21864
21862
21853
21851
21848
21846
21836
21828
21814
21812
21803
21801
21800
21798
21797
21789
21775
21773
21764
21762
21761
21759
21758
21744
21742
21733
21731
21730
21728
21727
21719
21705
21703
21694
21692
21684
21670
21668
21659
21657
21654
21652
21642
21634
21620
21618
21609
21607
21606
21604
21596
21588
21574
21572
21563
21561
21560
21558
21557
21549
21535
21533
21524
21522
21521
21519
21514
21512
21503
21501
21498
21496
21486
21478
21464
21462
21453
21451
21450
21448
21440
21438
21429
21427
21424
21422
21412
21404
21390
21388
21379
21377
21376
21374
21373
21365
21351
21349
21340
21338
21337
21335
21323
21321
21312
21310
21309
21307
21306
21304
21296
21288
21274
21272
21263
21261
21260
21258
21257
21249
21235
21233
21224
21222
21221
21219
21215
21201
21199
21190
21188
21187
21185
21173
21171
21162
21160
21159
21157
21153
21139
21137
21128
21126
21125
21123
21122
21114
21100
21098
21089
21087
21086
21084
21083
21075
21061
21059
21050
21048
21047
21045
21033
21031
21022
21020
21019
21017
21015
21014
21012
21011
21009
20997
20995
20986
20984
20983
20981
20973
20971
20962
20960
20959
20957
20945
20943
20934
20932
20931
20929
20927
20926
20924
20912
20910
20901
20899
20898
20896
20887
20885
20876
20874
20873
20871
20859
20857
20848
20846
20845
20843
20841
20840
20838
20837
20833
20831
20822
20820
20819
20817
20805
20803
20794
20792
20791
20789
20787
20786
20784
20782
20780
20779
20777
20775
20774
20772
20770
20769
20767
20765
20764
20762
20761
20754
20740
20738
20729
20727
20726
20724
20722
20721
20719
20711
20703
20689
20687
20678
20676
20675
20673
20672
20664
20650
20648
20639
20637
20636
20634
20630
20616
20614
20605
20603
20602
20600
20588
20586
20577
20575
20574
20572
20568
20554
20552
20543
20541
20540
20538
20537
20529
20515
20513
20504
20502
20501
20499
20494
20492
20491
20489
20481
20473
20459
20457
20448
20446
20445
20443
20442
20434
20420
20418
20409
20407
20406
20404
20403
20395
20381
20379
20370
20368
20367
20365
20353
20351
20342
20340
20339
20337
20335
20334
20332
20326
20312
20310
20301
20299
20298
20296
20284
20282
20273
20271
20270
20268
20264
20250
20248
20239
20237
20236
20234
20222
20220
20211
20209
20208
20206
20198
20196
20187
20185
20184
20182
20170
20168
20159
20157
20156
20154
20152
20151
20149
20147
20133
20131
20122
20120
20119
20117
20105
20103
20094
20092
20091
20089
20088
20084
20070
20068
20059
20057
20056
20054
20042
20040
20031
20029
20028
20026
20017
20015
20006
20004
20003
20001
19989
19987
19978
19976
19975
19973
19971
19970
19968
19967
19965
19964
19962
19955
19953
19952
19950
19946
19932
19930
19921
19919
19918
19916
19904
19902
19893
19891
19890
19888
19882
19868
19866
19857
19855
19854
19852
19840
19838
19829
19827
19826
19824
19822
19821
19819
19817
19815
19814
19812
19810
19809
19807
19805
19804
19802
19800
19799
19797
19796
19788
19786
19785
19783
19781
19780
19778
19777
19773
19771
19762
19760
19759
19757
19745
19743
19734
19732
19731
19729
19727
19726
19724
19722
19720
19719
19717
19715
19714
19712
19710
19709
19707
19705
19704
19702
19701
19700
19699
19691
19677
19675
19666
19664
19663
19661
19656
19654
19653
19651
19643
19635
19621
19619
19610
19608
19607
19605
19604
19596
19582
19580
19571
19569
19568
19566
19565
19557
19543
19541
19532
19530
19529
19527
19515
19513
19504
19502
19501
19499
19497
19496
19494
19490
19476
19474
19465
19463
19462
19460
19459
19451
19437
19435
19426
19424
19423
19421
19409
19407
19398
19396
19395
19393
19389
19375
19373
19364
19362
19361
19359
19347
19345
19336
19334
19333
19331
19323
19321
19312
19310
19309
19307
19295
19293
19284
19282
19281
19279
19277
19276
19274
19260
19258
19249
19247
19246
19244
19243
19235
19221
19219
19210
19208
19207
19205
19193
19191
19182
19180
19179
19177
19176
19172
19158
19156
19147
19145
19144
19142
19130
19128
19119
19117
19116
19114
19105
19103
19094
19092
19091
19089
19077
19075
19066
19064
19063
19061
19059
19058
19056
19055
19046
19044
19043
19041
19029
19027
19018
19016
19015
19013
19006
19004
19003
19001
18997
18983
18981
18972
18970
18969
18967
18955
18953
18944
18942
18941
18939
18933
18919
18917
18908
18906
18905
18903
18891
18889
18880
18878
18877
18875
18873
18872
18870
18868
18866
18865
18863
18861
18860
18858
18856
18855
18853
18851
18850
18848
18847
18841
18839
18830
18828
18827
18825
18813
18811
18802
18800
18799
18797
18795
18794
18792
18791
18787
18785
18776
18774
18773
18771
18759
18757
18748
18746
18745
18743
18741
18740
18738
18736
18734
18733
18731
18729
18728
18726
18724
18723
18721
18719
18718
18716
18715
18711
18709
18708
18706
18704
18703
18701
18699
18697
18696
18694
18692
18691
18689
18687
18686
18684
18682
18681
18679
18678
18676
18672
18658
18656
18647
18645
18644
18642
18630
18628
18619
18617
18616
18614
18606
18604
18595
18593
18592
18590
18578
18576
18567
18565
18564
18562
18560
18559
18557
18550
18548
18539
18537
18536
18534
18531
18529
18526
18524
18514
18506
18492
18490
18481
18479
18478
18476
18475
18467
18453
18451
18442
18440
18439
18437
18425
18423
18414
18412
18411
18409
18408
18404
18390
18388
18379
18377
18376
18374
18362
18360
18351
18349
18348
18346
18337
18335
18326
18324
18323
18321
18309
18307
18298
18296
18295
18293
18291
18290
18288
18287
18277
18275
18266
18264
18263
18261
18260
18252
18238
18236
18227
18225
18224
18222
18210
18208
18199
18197
18196
18194
18187
18185
18184
18182
18178
18164
18162
18153
18151
18150
18148
18136
18134
18125
18123
18122
18120
18114
18100
18098
18089
18087
18086
18084
18072
18070
18061
18059
18058
18056
18054
18053
18051
18049
18047
18046
18044
18042
18041
18039
18037
18036
18034
18032
18031
18029
18028
18027
18018
18016
18015
18013
18011
18010
18008
17996
17994
17985
17983
17982
17980
17971
17969
17960
17958
17957
17955
17943
17941
17932
17930
17929
17927
17925
17924
17922
17921
17917
17915
17906
17904
17903
17901
17889
17887
17878
17876
17875
17873
17871
17870
17868
17866
17864
17863
17861
17859
17858
17856
17854
17853
17851
17849
17848
17846
17845
17844
17842
17841
17839
17837
17836
17834
17833
17829
17827
17818
17816
17815
17813
17801
17799
17790
17788
17787
17785
17783
17782
17780
17778
17776
17775
17773
17771
17770
17768
17766
17765
17763
17761
17760
17758
17757
17756
17754
17752
17751
17749
17747
17746
17744
17743
17739
17737
17736
17734
17732
17731
17729
17727
17725
17724
17722
17720
17719
17717
17715
17714
17712
17710
17709
17707
17706
17705
17704
17702
17695
17693
17692
17690
17686
17672
17670
17661
17659
17658
17656
17644
17642
17633
17631
17630
17628
17622
17608
17606
17597
17595
17594
17592
17580
17578
17569
17567
17566
17564
17562
17561
17559
17557
17555
17554
17552
17550
17549
17547
17545
17544
17542
17540
17539
17537
17536
17529
17527
17518
17516
17515
17513
17511
17510
17508
17507
17505
17493
17491
17482
17480
17479
17477
17469
17467
17458
17456
17455
17453
17441
17439
17430
17428
17427
17425
17423
17422
17420
17408
17406
17397
17395
17394
17392
17383
17381
17372
17370
17369
17367
17355
17353
17344
17342
17341
17339
17337
17336
17334
17333
17329
17327
17318
17316
17315
17313
17301
17299
17290
17288
17287
17285
17283
17282
17280
17278
17276
17275
17273
17271
17270
17268
17266
17265
17263
17261
17260
17258
17257
17254
17240
17238
17229
17227
17226
17224
17212
17210
17201
17199
17198
17196
17194
17193
17191
17189
17187
17186
17184
17182
17181
17179
17177
17176
17174
17172
17171
17169
17168
17160
17158
17157
17155
17153
17152
17150
17149
17145
17143
17134
17132
17131
17129
17117
17115
17106
17104
17103
17101
17099
17098
17096
17094
17092
17091
17089
17087
17086
17084
17082
17081
17079
17077
17076
17074
17073
17061
17059
17050
17048
17047
17045
17043
17042
17040
17039
17035
17033
17024
17022
17021
17019
17007
17005
16996
16994
16993
16991
16989
16988
16986
16984
16982
16981
16979
16977
16976
16974
16972
16971
16969
16967
16966
16964
16963
16959
16957
16956
16954
16952
16951
16949
16947
16945
16944
16942
16940
16939
16937
16935
16934
16932
16930
16929
16927
16926
16925
16923
16914
16912
16911
16909
16907
16906
16904
16902
16900
16899
16897
16895
16894
16892
16890
16889
16887
16885
16884
16882
16881
16880
16878
16876
16875
16873
16871
16870
16868
16867
16863
16861
16860
16858
16856
16855
16853
16851
16849
16848
16846
16844
16843
16841
16839
16838
16836
16834
16833
16831
16830
16823
16821
16812
16810
16809
16807
16795
16793
16784
16782
16781
16779
16777
16776
16774
16762
16760
16751
16749
16748
16746
16737
16735
16726
16724
16723
16721
16709
16707
16698
16696
16695
16693
16691
16690
16688
16687
16683
16681
16672
16670
16669
16667
16655
16653
16644
16642
16641
16639
16637
16636
16634
16632
16630
16629
16627
16625
16624
16622
16620
16619
16617
16615
16614
16612
16611
16610
16601
16599
16598
16596
16584
16582
16573
16571
16570
16568
16562
16548
16546
16537
16535
16534
16532
16520
16518
16509
16507
16506
16504
16502
16501
16499
16497
16495
16494
16492
16490
16489
16487
16485
16484
16482
16480
16479
16477
16476
16468
16466
16465
16463
16461
16460
16458
16457
16453
16451
16442
16440
16439
16437
16425
16423
16414
16412
16411
16409
16407
16406
16404
16402
16400
16399
16397
16395
16394
16392
16390
16389
16387
16385
16384
16382
16381
16380
16378
16376
16375
16373
16371
16370
16368
16366
16365
16363
16361
16360
16358
16357
16351
16349
16340
16338
16337
16335
16323
16321
16312
16310
16309
16307
16305
16304
16302
16301
16297
16295
16286
16284
16283
16281
16269
16267
16258
16256
16255
16253
16251
16250
16248
16246
16244
16243
16241
16239
16238
16236
16234
16233
16231
16229
16228
16226
16225
16221
16219
16218
16216
16214
16213
16211
16209
16207
16206
16204
16202
16201
16199
16197
16196
16194
16192
16191
16189
16188
16186
16185
16184
16182
16181
16179
16177
16176
16174
16173
16169
16167
16158
16156
16155
16153
16141
16139
16130
16128
16127
16125
16123
16122
16120
16118
16116
16115
16113
16111
16110
16108
16106
16105
16103
16101
16100
16098
16097
16096
16094
16092
16091
16089
16087
16086
16084
16083
16079
16077
16076
16074
16072
16071
16069
16067
16065
16064
16062
16060
16059
16057
16055
16054
16052
16050
16049
16047
16046
16045
16043
16041
16040
16038
16037
16033
16031
16030
16028
16026
16025
16023
16021
16019
16018
16016
16014
16013
16011
16009
16008
16006
16004
16003
16001
16000
15995
15993
15984
15982
15981
15979
15977
15976
15974
15962
15960
15951
15949
15948
15946
15937
15935
15926
15924
15923
15921
15909
15907
15898
15896
15895
15893
15891
15890
15888
15887
15883
15881
15872
15870
15869
15867
15855
15853
15844
15842
15841
15839
15837
15836
15834
15832
15830
15829
15827
15825
15824
15822
15820
15819
15817
15815
15814
15812
15811
15807
15805
15796
15794
15793
15791
15779
15777
15768
15766
15765
15763
15757
15743
15741
15732
15730
15729
15727
15715
15713
15704
15702
15701
15699
15697
15696
15694
15692
15690
15689
15687
15685
15684
15682
15680
15679
15677
15675
15674
15672
15671
15663
15661
15660
15658
15656
15655
15653
15652
15648
15646
15637
15635
15634
15632
15620
15618
15609
15607
15606
15604
15602
15601
15599
15597
15595
15594
15592
15590
15589
15587
15585
15584
15582
15580
15579
15577
15576
15575
15573
15572
15570
15568
15566
15565
15563
15561
15560
15558
15556
15555
15553
15551
15550
15548
15547
15541
15539
15530
15528
15527
15525
15513
15511
15502
15500
15499
15497
15495
15494
15492
15491
15487
15485
15476
15474
15473
15471
15459
15457
15448
15446
15445
15443
15441
15440
15438
15436
15434
15433
15431
15429
15428
15426
15424
15423
15421
15419
15418
15416
15415
15411
15409
15408
15406
15404
15403
15401
15399
15397
15396
15394
15392
15391
15389
15387
15386
15384
15382
15381
15379
15378
15376
15374
15373
15371
15370
15369
15367
15366
15364
15362
15361
15359
15358
15354
15352
15343
15341
15340
15338
15326
15324
15315
15313
15312
15310
15308
15307
15305
15303
15301
15300
15298
15296
15295
15293
15291
15290
15288
15286
15285
15283
15282
15281
15279
15277
15276
15274
15272
15271
15269
15268
15264
15262
15261
15259
15257
15256
15254
15252
15250
15249
15247
15245
15244
15242
15240
15239
15237
15235
15234
15232
15231
15230
15228
15226
15225
15223
15221
15220
15218
15217
15213
15211
15210
15208
15206
15205
15203
15201
15199
15198
15196
15194
15193
15191
15189
15188
15186
15184
15183
15181
15180
15179
15178
15176
15175
15168
15166
15165
15163
15161
15160
15158
15157
15153
15151
15142
15140
15139
15137
15125
15123
15114
15112
15111
15109
15107
15106
15104
15102
15100
15099
15097
15095
15094
15092
15090
15089
15087
15085
15084
15082
15081
15069
15067
15058
15056
15055
15053
15041
15039
15030
15028
15027
15025
15023
15022
15020
15018
15016
15015
15013
15011
15010
15008
15006
15005
15003
15001
15000
14998
14997
14991
14989
14980
14978
14977
14975
14963
14961
14952
14950
14949
14947
14945
14944
14942
14941
14937
14935
14926
14924
14923
14921
14909
14907
14898
14896
14895
14893
14891
14890
14888
14886
14884
14883
14881
14879
14878
14876
14874
14873
14871
14869
14868
14866
14865
14861
14859
14858
14856
14854
14853
14851
14849
14847
14846
14844
14842
14841
14839
14837
14836
14834
14832
14831
14829
14828
14826
14824
14823
14821
14809
14807
14798
14796
14795
14793
14791
14790
14788
14786
14784
14783
14781
14779
14778
14776
14774
14773
14771
14769
14768
14766
14765
14764
14762
14761
14759
14757
14756
14754
14753
14749
14747
14738
14736
14735
14733
14721
14719
14710
14708
14707
14705
14703
14702
14700
14698
14696
14695
14693
14691
14690
14688
14686
14685
14683
14681
14680
14678
14677
14676
14674
14672
14671
14669
14667
14666
14664
14663
14659
14657
14656
14654
14652
14651
14649
14647
14645
14644
14642
14640
14639
14637
14635
14634
14632
14630
14629
14627
14626
14625
14624
14622
14620
14619
14617
14616
14615
14613
14604
14602
14601
14599
14597
14596
14594
14592
14590
14589
14587
14585
14584
14582
14580
14579
14577
14575
14574
14572
14571
14570
14568
14566
14565
14563
14561
14560
14558
14557
14553
14551
14550
14548
14546
14545
14543
14541
14539
14538
14536
14534
14533
14531
14529
14528
14526
14524
14523
14521
14520
14519
14517
14515
14514
14512
14510
14509
14507
14506
14505
14503
14501
14500
14498
14497
14493
14491
14490
14488
14486
14485
14483
14481
14479
14478
14476
14474
14473
14471
14469
14468
14466
14464
14463
14461
14460
14458
14456
14455
14453
14451
14450
14448
14447
14443
14441
14440
14438
14436
14435
14433
14431
14429
14428
14426
14424
14423
14421
14419
14418
14416
14414
14413
14411
14410
14409
14408
14406
14405
14403
14402
14400
14399
14395
14393
14384
14382
14381
14379
14367
14365
14356
14354
14353
14351
14349
14348
14346
14344
14342
14341
14339
14337
14336
14334
14332
14331
14329
14327
14326
14324
14323
14319
14317
14316
14314
14312
14311
14309
14307
14305
14304
14302
14300
14299
14297
14295
14294
14292
14290
14289
14287
14286
14283
14281
14272
14270
14269
14267
14265
14264
14262
14261
14257
14255
14246
14244
14243
14241
14229
14227
14218
14216
14215
14213
14211
14210
14208
14206
14204
14203
14201
14199
14198
14196
14194
14193
14191
14189
14188
14186
14185
14184
14182
14181
14179
14177
14176
14174
14173
14169
14167
14158
14156
14155
14153
14141
14139
14130
14128
14127
14125
14123
14122
14120
14118
14116
14115
14113
14111
14110
14108
14106
14105
14103
14101
14100
14098
14097
14096
14094
14092
14091
14089
14087
14086
14084
14083
14079
14077
14076
14074
14072
14071
14069
14067
14065
14064
14062
14060
14059
14057
14055
14054
14052
14050
14049
14047
14046
14044
14043
14041
14039
14038
14036
14035
14031
14029
14028
14026
14024
14023
14021
14019
14017
14016
14014
14012
14011
14009
14007
14006
14004
14002
14001
13999
13998
13997
13995
13986
13984
13983
13981
13979
13978
13976
13974
13972
13971
13969
13967
13966
13964
13962
13961
13959
13957
13956
13954
13953
13952
13950
13948
13947
13945
13943
13942
13940
13939
13935
13933
13932
13930
13928
13927
13925
13923
13921
13920
13918
13916
13915
13913
13911
13910
13908
13906
13905
13903
13902
13901
13900
13898
13896
13895
13893
13891
13890
13888
13887
13883
13881
13880
13878
13876
13875
13873
13871
13869
13868
13866
13864
13863
13861
13859
13858
13856
13854
13853
13851
13850
13849
13847
13845
13844
13842
13841
13837
13835
13834
13832
13830
13829
13827
13825
13823
13822
13820
13818
13817
13815
13813
13812
13810
13808
13807
13805
13804
13800
13798
13797
13795
13793
13792
13790
13788
13786
13785
13783
13781
13780
13778
13776
13775
13773
13771
13770
13768
13767
13766
13764
13762
13761
13759
13757
13756
13754
13753
13749
13747
13746
13744
13742
13741
13739
13737
13735
13734
13732
13730
13729
13727
13725
13724
13722
13720
13719
13717
13716
13715
13714
13712
13711
13709
13708
13706
13704
13703
13701
13699
13697
13696
13694
13692
13691
13689
13687
13686
13684
13682
13681
13679
13678
13677
13676
13674
13673
13671
13669
13668
13666
13664
13663
13661
13660
13658
13656
13655
13653
13652
13650
13649
13648
13646
13645
13643
13641
13640
13638
13637
13633
13631
13622
13620
13619
13617
13605
13603
13594
13592
13591
13589
13587
13586
13584
13582
13580
13579
13577
13575
13574
13572
13570
13569
13567
13565
13564
13562
13561
13560
13558
13556
13555
13553
13551
13550
13548
13547
13543
13541
13540
13538
13536
13535
13533
13531
13529
13528
13526
13524
13523
13521
13519
13518
13516
13514
13513
13511
13510
13509
13507
13505
13504
13502
13501
13497
13495
13494
13492
13490
13489
13487
13485
13483
13482
13480
13478
13477
13475
13473
13472
13470
13468
13467
13465
13464
13462
13460
13459
13457
13456
13452
13450
13441
13439
13438
13436
13424
13422
13413
13411
13410
13408
13406
13405
13403
13401
13399
13398
13396
13394
13393
13391
13389
13388
13386
13384
13383
13381
13380
13379
13377
13375
13374
13372
13370
13369
13367
13366
13362
13360
13359
13357
13355
13354
13352
13350
13348
13347
13345
13343
13342
13340
13338
13337
13335
13333
13332
13330
13329
13328
13326
13324
13323
13321
13319
13318
13316
13315
13311
13309
13308
13306
13304
13303
13301
13299
13297
13296
13294
13292
13291
13289
13287
13286
13284
13282
13281
13279
13278
13277
13276
13274
13273
13271
13270
13268
13266
13265
13263
13261
13260
13258
13256
13255
13253
13252
13251
13249
13247
13246
13244
13242
13241
13239
13238
13237
13235
13233
13232
13230
13229
13225
13223
13222
13220
13218
13217
13215
13213
13211
13210
13208
13206
13205
13203
13201
13200
13198
13196
13195
13193
13192
13190
13188
13187
13185
13183
13182
13180
13179
13175
13173
13172
13170
13168
13167
13165
13163
13161
13160
13158
13156
13155
13153
13151
13150
13148
13146
13145
13143
13142
13141
13140
13138
13137
13136
13134
13133
13132
13130
13128
13127
13125
13123
13122
13120
13119
13115
13113
13112
13110
13108
13107
13105
13103
13101
13100
13098
13096
13095
13093
13091
13090
13088
13086
13085
13083
13082
13081
13080
13078
13077
13075
13074
13072
13070
13069
13067
13065
13063
13062
13060
13058
13057
13055
13053
13052
13050
13048
13047
13045
13044
13043
13042
13040
13039
13037
13036
13034
13032
13031
13029
13027
13026
13024
13022
13021
13019
13018
13017
13015
13013
13012
13010
13008
13007
13005
13004
13000
12998
12997
12995
12993
12992
12990
12988
12986
12985
12983
12981
12980
12978
12976
12975
12973
12971
12970
12968
12967
12966
12964
12962
12961
12959
12957
12956
12954
12953
12949
12947
12946
12944
12942
12941
12939
12937
12935
12934
12932
12930
12929
12927
12925
12924
12922
12920
12919
12917
12916
12915
12914
12912
12911
12906
12904
12903
12901
12899
12898
12896
12894
12892
12891
12889
12887
12886
12884
12882
12881
12879
12877
12876
12874
12873
12872
12870
12868
12867
12865
12863
12862
12860
12859
12855
12853
12852
12850
12848
12847
12845
12843
12841
12840
12838
12836
12835
12833
12831
12830
12828
12826
12825
12823
12822
12821
12819
12817
12816
12814
12812
12811
12809
12808
12807
12805
12803
12802
12800
12799
12795
12793
12792
12790
12788
12787
12785
12783
12781
12780
12778
12776
12775
12773
12771
12770
12768
12766
12765
12763
12762
12760
12758
12757
12755
12753
12752
12750
12749
12745
12743
12742
12740
12738
12737
12735
12733
12731
12730
12728
12726
12725
12723
12721
12720
12718
12716
12715
12713
12712
12711
12710
12708
12707
12705
12703
12702
12700
12698
12697
12695
12693
12691
12690
12688
12686
12685
12683
12681
12680
12678
12676
12675
12673
12672
12668
12666
12665
12663
12661
12660
12658
12656
12654
12653
12651
12649
12648
12646
12644
12643
12641
12639
12638
12636
12635
12634
12632
12630
12629
12627
12625
12624
12622
12621
12617
12615
12614
12612
12610
12609
12607
12605
12603
12602
12600
12598
12597
12595
12593
12592
12590
12588
12587
12585
12584
12583
12582
12580
12579
12577
12576
12574
12572
12571
12569
12567
12565
12564
12562
12560
12559
12557
12555
12554
12552
12550
12549
12547
12546
12545
12544
12542
12541
12539
12537
12535
12534
12532
12530
12529
12527
12525
12524
12522
12520
12519
12517
12516
12515
12514
12512
12511
12509
12508
12506
12504
12503
12501
12499
12497
12496
12494
12492
12491
12489
12487
12486
12484
12482
12481
12479
12478
12477
12476
12474
12473
12471
12470
12468
12466
12465
12463
12461
12459
12458
12456
12454
12453
12451
12449
12448
12446
12444
12443
12441
12440
12438
12436
12435
12433
12431
12430
12428
12427
12423
12421
12420
12418
12416
12415
12413
12411
12409
12408
12406
12404
12403
12401
12399
12398
12396
12394
12393
12391
12390
12389
12388
12386
12385
12383
12381
12380
12378
12376
12375
12373
12372
12368
12366
12365
12363
12361
12360
12358
12356
12354
12353
12351
12349
12348
12346
12344
12343
12341
12339
12338
12336
12335
12334
12332
12330
12329
12327
12326
12322
12320
12319
12317
12315
12314
12312
12310
12308
12307
12305
12303
12302
12300
12298
12297
12295
12293
12292
12290
12289
12285
12283
12282
12280
12278
12277
12275
12273
12271
12270
12268
12266
12265
12263
12261
12260
12258
12256
12255
12253
12252
12251
12249
12247
12246
12244
12242
12241
12239
12238
12234
12232
12231
12229
12227
12226
12224
12222
12220
12219
12217
12215
12214
12212
12210
12209
12207
12205
12204
12202
12201
12200
12199
12197
12196
12194
12193
12191
12189
12188
12186
12184
12182
12181
12179
12177
12176
12174
12172
12171
12169
12167
12166
12164
12163
12162
12161
12159
12158
12157
12155
12153
12151
12150
12148
12146
12145
12143
12141
12140
12138
12136
12135
12133
12132
12131
12130
12128
12127
12126
12124
12123
12122
12120
12118
12117
12115
12113
12112
12110
12109
12105
12103
12102
12100
12098
12097
12095
12093
12091
12090
12088
12086
12085
12083
12081
12080
12078
12076
12075
12073
12072
12071
12070
12068
12067
12065
12064
12062
12060
12059
12057
12055
12053
12052
12050
12048
12047
12045
12043
12042
12040
12038
12037
12035
12034
12033
12032
12030
12029
12027
12025
12024
12022
12020
12019
12017
12015
12014
12012
12011
12010
12009
12007
12006
12004
12003
12001
11999
11998
11996
11994
11992
11991
11989
11987
11986
11984
11982
11981
11979
11977
11976
11974
11973
11972
11971
11969
11968
11967
11965
11964
11962
11961
11957
11955
11954
11952
11950
11949
11947
11945
11943
11942
11940
11938
11937
11935
11933
11932
11930
11928
11927
11925
11924
11923
11922
11920
11919
11917
11916
11914
11912
11911
11909
11907
11905
11904
11902
11900
11899
11897
11895
11894
11892
11890
11889
11887
11886
11885
11884
11882
11881
11879
11878
11876
11874
11873
11871
11869
11867
11866
11864
11862
11861
11859
11857
11856
11854
11852
11851
11849
11848
11846
11844
11843
11841
11839
11838
11836
11835
11831
11829
11828
11826
11824
11823
11821
11819
11817
11816
11814
11812
11811
11809
11807
11806
11804
11802
11801
11799
11798
11797
11796
11794
11793
11792
11790
11789
11788
11786
11784
11783
11781
11779
11778
11776
11775
11771
11769
11768
11766
11764
11763
11761
11759
11757
11756
11754
11752
11751
11749
11747
11746
11744
11742
11741
11739
11738
11737
11736
11734
11733
11731
11730
11728
11726
11725
11723
11721
11719
11718
11716
11714
11713
11711
11709
11708
11706
11704
11703
11701
11700
11699
11698
11696
11695
11694
11692
11691
11689
11688
11687
11686
11684
11683
11681
11680
11678
11676
11675
11673
11671
11669
11668
11666
11664
11663
11661
11659
11658
11656
11654
11653
11651
11650
11649
11648
11646
11645
11643
11641
11639
11638
11636
11634
11633
11631
11629
11628
11626
11624
11623
11621
11620
11619
11618
11616
11615
11613
11612
11610
11608
11607
11605
11603
11601
11600
11598
11596
11595
11593
11591
11590
11588
11586
11585
11583
11582
11581
11580
11578
11577
11576
11574
11572
11571
11569
11567
11566
11564
11563
11562
11561
11559
11558
11556
11555
11553
11551
11550
11548
11546
11544
11543
11541
11539
11538
11536
11534
11533
11531
11529
11528
11526
11525
11524
11523
11521
11520
11519
11518
11516
11514
11513
11511
11509
11508
11506
11504
11503
11501
11500
11498
11496
11495
11493
11491
11490
11488
11487
11483
11481
11480
11478
11476
11475
11473
11471
11469
11468
11466
11464
11463
11461
11459
11458
11456
11454
11453
11451
11450
11449
11448
11446
11445
11444
11442
11441
11440
11438
11436
11435
11433
11431
11430
11428
11427
11423
11421
11420
11418
11416
11415
11413
11411
11409
11408
11406
11404
11403
11401
11399
11398
11396
11394
11393
11391
11390
11389
11388
11386
11385
11383
11382
11380
11378
11377
11375
11373
11371
11370
11368
11366
11365
11363
11361
11360
11358
11356
11355
11353
11352
11351
11350
11348
11347
11346
11345
11343
11341
11340
11338
11336
11334
11333
11331
11329
11328
11326
11324
11323
11321
11319
11318
11316
11315
11314
11313
11311
11310
11308
11307
11305
11303
11302
11300
11298
11296
11295
11293
11291
11290
11288
11286
11285
11283
11281
11280
11278
11277
11276
11275
11273
11272
11270
11268
11266
11265
11263
11261
11260
11258
11256
11255
11253
11251
11250
11248
11247
11246
11245
11243
11242
11240
11239
11237
11235
11234
11232
11230
11228
11227
11225
11223
11222
11220
11218
11217
11215
11213
11212
11210
11209
11208
11207
11205
11204
11202
11201
11199
11197
11196
11194
11192
11191
11189
11188
11187
11186
11184
11183
11181
11179
11178
11176
11174
11173
11171
11169
11168
11166
11165
11164
11163
11161
11160
11158
11157
11155
11153
11152
11150
11148
11146
11145
11143
11141
11140
11138
11136
11135
11133
11131
11130
11128
11127
11126
11125
11123
11122
11121
11120
11118
11116
11115
11113
11111
11110
11108
11106
11105
11103
11102
11101
11100
11098
11097
11095
11094
11090
11088
11087
11085
11083
11082
11080
11078
11076
11075
11073
11071
11070
11068
11066
11065
11063
11061
11060
11058
11057
11056
11055
11053
11052
11050
11049
11047
11045
11044
11042
11040
11038
11037
11035
11033
11032
11030
11028
11027
11025
11023
11022
11020
11019
11018
11017
11015
11014
11012
11010
11009
11007
11005
11004
11002
11001
10997
10995
10994
10992
10990
10989
10987
10985
10983
10982
10980
10978
10977
10975
10973
10972
10970
10968
10967
10965
10964
10963
10962
10960
10959
10957
10956
10954
10952
10951
10949
10947
10945
10944
10942
10940
10939
10937
10935
10934
10932
10930
10929
10927
10926
10925
10924
10922
10921
10919
10917
10915
10914
10912
10910
10909
10907
10905
10904
10902
10900
10899
10897
10896
10895
10894
10892
10891
10889
10888
10886
10884
10883
10881
10879
10877
10876
10874
10872
10871
10869
10867
10866
10864
10862
10861
10859
10858
10857
10856
10854
10853
10852
10850
10849
10847
10845
10844
10842
10840
10838
10837
10835
10833
10832
10830
10828
10827
10825
10823
10822
10820
10819
10818
10817
10815
10814
10812
10810
10809
10807
10805
10804
10802
10800
10799
10797
10796
10795
10794
10792
10791
10789
10788
10786
10784
10783
10781
10779
10777
10776
10774
10772
10771
10769
10767
10766
10764
10762
10761
10759
10758
10757
10756
10754
10753
10752
10751
10749
10748
10746
10745
10743
10741
10740
10738
10736
10734
10733
10731
10729
10728
10726
10724
10723
10721
10719
10718
10716
10715
10714
10713
10711
10710
10708
10706
10705
10703
10701
10700
10698
10697
10696
10695
10693
10692
10691
10689
10688
10687
10686
10684
10683
10681
10680
10678
10676
10675
10673
10671
10669
10668
10666
10664
10663
10661
10659
10658
10656
10654
10653
10651
10650
10649
10648
10646
10645
10643
10641
10640
10638
10636
10635
10633
10631
10630
10628
10627
10626
10625
10623
10622
10620
10619
10617
10615
10614
10612
10610
10608
10607
10605
10603
10602
10600
10598
10597
10595
10593
10592
10590
10589
10588
10587
10585
10584
10583
10582
10581
10580
10578
10577
10575
10574
10572
10570
10569
10567
10565
10563
10562
10560
10558
10557
10555
10553
10552
10550
10548
10547
10545
10544
10543
10542
10540
10539
10538
10536
10534
10533
10531
10529
10528
10526
10525
10524
10523
10521
10520
10518
10517
10515
10513
10512
10510
10508
10506
10505
10503
10501
10500
10498
10496
10495
10493
10491
10490
10488
10487
10486
10485
10483
10482
10481
10479
10477
10476
10474
10473
10472
10471
10469
10468
10466
10465
10463
10461
10460
10458
10456
10454
10453
10451
10449
10448
10446
10444
10443
10441
10439
10438
10436
10435
10434
10433
10431
10430
10429
10428
10426
10424
10423
10421
10419
10418
10416
10414
10413
10411
10410
10409
10408
10406
10405
10403
10402
10400
10399
10397
10395
10394
10392
10390
10388
10387
10385
10383
10382
10380
10378
10377
10375
10373
10372
10370
10369
10368
10367
10365
